c:\users\hizengbiao\documents\visual studio 2013\projects\编译实验一【词法分析】\编译实验一【词法分析】\debug\vc120.pdb
c:\users\hizengbiao\documents\visual studio 2013\projects\编译实验一【词法分析】\编译实验一【词法分析】\debug\vc120.idb
c:\users\hizengbiao\documents\visual studio 2013\projects\编译实验一【词法分析】\编译实验一【词法分析】\debug\main.obj
c:\users\hizengbiao\documents\visual studio 2013\projects\编译实验二【语法分析】\编译实验一【词法分析】\debug\vc120.pdb
c:\users\hizengbiao\documents\visual studio 2013\projects\编译实验二【语法分析】\编译实验一【词法分析】\debug\vc120.idb
c:\users\hizengbiao\documents\visual studio 2013\projects\编译实验二【语法分析】\编译实验一【词法分析】\debug\analyze.obj
c:\users\hizengbiao\documents\visual studio 2013\projects\编译实验二【语法分析】\编译实验一【词法分析】\debug\main.obj
c:\users\hizengbiao\documents\visual studio 2013\projects\编译实验一【词法分析】\debug\编译实验一【词法分析】.ilk
c:\users\hizengbiao\documents\visual studio 2013\projects\编译实验一【词法分析】\debug\编译实验一【词法分析】.exe
c:\users\hizengbiao\documents\visual studio 2013\projects\编译实验一【词法分析】\debug\编译实验一【词法分析】.pdb
c:\users\hizengbiao\documents\visual studio 2013\projects\编译实验二【语法分析】\debug\编译实验一【词法分析】.pdb
c:\users\hizengbiao\documents\visual studio 2013\projects\编译实验二【语法分析】\编译实验一【词法分析】\debug\编译实验一【词法分析】.tlog\cl.command.1.tlog
c:\users\hizengbiao\documents\visual studio 2013\projects\编译实验二【语法分析】\编译实验一【词法分析】\debug\编译实验一【词法分析】.tlog\cl.read.1.tlog
c:\users\hizengbiao\documents\visual studio 2013\projects\编译实验二【语法分析】\编译实验一【词法分析】\debug\编译实验一【词法分析】.tlog\cl.write.1.tlog
c:\users\hizengbiao\documents\visual studio 2013\projects\编译实验二【语法分析】\编译实验一【词法分析】\debug\编译实验一【词法分析】.tlog\link-cvtres.read.1.tlog
c:\users\hizengbiao\documents\visual studio 2013\projects\编译实验二【语法分析】\编译实验一【词法分析】\debug\编译实验一【词法分析】.tlog\link-cvtres.write.1.tlog
c:\users\hizengbiao\documents\visual studio 2013\projects\编译实验二【语法分析】\编译实验一【词法分析】\debug\编译实验一【词法分析】.tlog\link-rc.read.1.tlog
c:\users\hizengbiao\documents\visual studio 2013\projects\编译实验二【语法分析】\编译实验一【词法分析】\debug\编译实验一【词法分析】.tlog\link-rc.write.1.tlog
c:\users\hizengbiao\documents\visual studio 2013\projects\编译实验二【语法分析】\编译实验一【词法分析】\debug\编译实验一【词法分析】.tlog\link.5856-cvtres.read.1.tlog
c:\users\hizengbiao\documents\visual studio 2013\projects\编译实验二【语法分析】\编译实验一【词法分析】\debug\编译实验一【词法分析】.tlog\link.5856-cvtres.write.1.tlog
c:\users\hizengbiao\documents\visual studio 2013\projects\编译实验二【语法分析】\编译实验一【词法分析】\debug\编译实验一【词法分析】.tlog\link.5856-rc.read.1.tlog
c:\users\hizengbiao\documents\visual studio 2013\projects\编译实验二【语法分析】\编译实验一【词法分析】\debug\编译实验一【词法分析】.tlog\link.5856-rc.write.1.tlog
c:\users\hizengbiao\documents\visual studio 2013\projects\编译实验二【语法分析】\编译实验一【词法分析】\debug\编译实验一【词法分析】.tlog\link.5856.read.1.tlog
c:\users\hizengbiao\documents\visual studio 2013\projects\编译实验二【语法分析】\编译实验一【词法分析】\debug\编译实验一【词法分析】.tlog\link.5856.write.1.tlog
c:\users\hizengbiao\documents\visual studio 2013\projects\编译实验二【语法分析】\编译实验一【词法分析】\debug\编译实验一【词法分析】.tlog\link.command.1.tlog
c:\users\hizengbiao\documents\visual studio 2013\projects\编译实验二【语法分析】\编译实验一【词法分析】\debug\编译实验一【词法分析】.tlog\link.read.1.tlog
c:\users\hizengbiao\documents\visual studio 2013\projects\编译实验二【语法分析】\编译实验一【词法分析】\debug\编译实验一【词法分析】.tlog\link.write.1.tlog
