生成启动时间为 2016/6/28 9:19:49。
     1>项目“E:\hizengbiao2\编译课程设计【题目2】 【ver0】\编译实验一【词法分析】\编译实验一【词法分析】.vcxproj”在节点 2 上(Build 个目标)。
     1>ClCompile:
         D:\VisualStudio\VC\bin\CL.exe /c /ZI /nologo /W3 /WX- /sdl /Od /Oy- /D WIN32 /D _DEBUG /D _CONSOLE /D _LIB /D _UNICODE /D UNICODE /Gm /EHsc /RTC1 /MDd /GS /fp:precise /Zc:wchar_t /Zc:forScope /Fo"Debug\\" /Fd"Debug\vc120.pdb" /Gd /TP /analyze- /errorReport:prompt analyze.cpp
         analyze.cpp
     1>e:\hizengbiao2\编译课程设计【题目2】 【ver0】\编译实验一【词法分析】\analyze.cpp(767): warning C4102: “erro”: 未引用的标签
     1>e:\hizengbiao2\编译课程设计【题目2】 【ver0】\编译实验一【词法分析】\analyze.cpp(1064): warning C4102: “erro”: 未引用的标签
     1>e:\hizengbiao2\编译课程设计【题目2】 【ver0】\编译实验一【词法分析】\analyze.cpp(1410): warning C4102: “erro”: 未引用的标签
     1>e:\hizengbiao2\编译课程设计【题目2】 【ver0】\编译实验一【词法分析】\analyze.cpp(1236): warning C4101: “temm”: 未引用的局部变量
     1>e:\hizengbiao2\编译课程设计【题目2】 【ver0】\编译实验一【词法分析】\analyze.cpp(395): warning C4715: “analyze::changeStackB”: 不是所有的控件路径都返回值
     1>e:\hizengbiao2\编译课程设计【题目2】 【ver0】\编译实验一【词法分析】\analyze.cpp(1140): warning C4715: “analyze::lrparse3”: 不是所有的控件路径都返回值
     1>e:\hizengbiao2\编译课程设计【题目2】 【ver0】\编译实验一【词法分析】\analyze.cpp(1484): warning C4715: “analyze::lrparse”: 不是所有的控件路径都返回值
       Link:
         D:\VisualStudio\VC\bin\link.exe /ERRORREPORT:PROMPT /OUT:"E:\hizengbiao2\编译课程设计【题目2】 【ver0】\Debug\编译实验一【词法分析】.exe" /INCREMENTAL /NOLOGO kernel32.lib user32.lib gdi32.lib winspool.lib comdlg32.lib advapi32.lib shell32.lib ole32.lib oleaut32.lib uuid.lib odbc32.lib odbccp32.lib /MANIFEST /MANIFESTUAC:"level='asInvoker' uiAccess='false'" /manifest:embed /DEBUG /PDB:"E:\hizengbiao2\编译课程设计【题目2】 【ver0】\Debug\编译实验一【词法分析】.pdb" /SUBSYSTEM:CONSOLE /TLBID:1 /DYNAMICBASE /NXCOMPAT /IMPLIB:"E:\hizengbiao2\编译课程设计【题目2】 【ver0】\Debug\编译实验一【词法分析】.lib" /MACHINE:X86 Debug\analyze.obj
         Debug\main.obj
         Debug\suanshufenxi.obj
         编译实验一【词法分析】.vcxproj -> E:\hizengbiao2\编译课程设计【题目2】 【ver0】\Debug\编译实验一【词法分析】.exe
     1>已完成生成项目“E:\hizengbiao2\编译课程设计【题目2】 【ver0】\编译实验一【词法分析】\编译实验一【词法分析】.vcxproj”(Build 个目标)的操作。

生成成功。

已用时间 00:00:02.23
